  [1m[35m (4.9ms)[0m  [1m[34mSELECT sqlite_version(*)[0m
  [1m[35m (0.1ms)[0m  [1m[34mSELECT sqlite_version(*)[0m
Started GET "/" for ::1 at 2022-03-11 01:29:28 +0900
  [1m[35m (0.7ms)[0m  [1m[34mSELECT sqlite_version(*)[0m
Processing by Rails::WelcomeController#index as HTML
  Rendering /Users/kankuranaoya/.rbenv/versions/2.6.9/lib/ruby/gems/2.6.0/gems/railties-6.1.4.7/lib/rails/templates/rails/welcome/index.html.erb
  Rendered /Users/kankuranaoya/.rbenv/versions/2.6.9/lib/ruby/gems/2.6.0/gems/railties-6.1.4.7/lib/rails/templates/rails/welcome/index.html.erb (Duration: 10.7ms | Allocations: 478)
Completed 200 OK in 35ms (Views: 18.7ms | ActiveRecord: 0.0ms | Allocations: 4213)


Started GET "/favicon.ico" for ::1 at 2022-03-11 01:29:29 +0900
  
ActionController::RoutingError (No route matches [GET] "/favicon.ico"):
  
Started GET "/api/v1/test" for ::1 at 2022-03-11 01:31:18 +0900
Processing by Api::V1::TestController#index as */*
Completed 200 OK in 1ms (Views: 0.2ms | Allocations: 171)


  [1m[35m (1.3ms)[0m  [1m[34mSELECT sqlite_version(*)[0m
  ↳ (erb):38:in `migration_template'
  [1m[35m (0.7ms)[0m  [1m[34mSELECT sqlite_version(*)[0m
  [1m[35m (2.7ms)[0m  [1m[35mCREATE TABLE "schema_migrations" ("version" varchar NOT NULL PRIMARY KEY)[0m
  [1m[35m (1.3ms)[0m  [1m[35mCREATE TABLE "ar_internal_metadata" ("key" varchar NOT NULL PRIMARY KEY, "value" varchar, "created_at" datetime(6) NOT NULL, "updated_at" datetime(6) NOT NULL)[0m
  [1m[35m (0.2ms)[0m  [1m[34mSELECT "schema_migrations"."version" FROM "schema_migrations" ORDER BY "schema_migrations"."version" ASC[0m
Migrating to DeviseTokenAuthCreateUsers (20220310163437)
  [1m[36mTRANSACTION (0.1ms)[0m  [1m[36mbegin transaction[0m
  [1m[35m (0.6ms)[0m  [1m[35mCREATE TABLE "users" ("id" integer PRIMARY KEY AUTOINCREMENT NOT NULL, "provider" varchar DEFAULT 'email' NOT NULL, "uid" varchar DEFAULT '' NOT NULL, "encrypted_password" varchar DEFAULT '' NOT NULL, "reset_password_token" varchar, "reset_password_sent_at" datetime, "allow_password_change" boolean DEFAULT 0, "remember_created_at" datetime, "confirmation_token" varchar, "confirmed_at" datetime, "confirmation_sent_at" datetime, "unconfirmed_email" varchar, "name" varchar, "nickname" varchar, "image" varchar, "email" varchar, "tokens" text, "created_at" datetime(6) NOT NULL, "updated_at" datetime(6) NOT NULL)[0m
  [1m[35m (0.3ms)[0m  [1m[35mCREATE UNIQUE INDEX "index_users_on_email" ON "users" ("email")[0m
  [1m[35m (0.2ms)[0m  [1m[35mCREATE UNIQUE INDEX "index_users_on_uid_and_provider" ON "users" ("uid", "provider")[0m
  [1m[35m (0.2ms)[0m  [1m[35mCREATE UNIQUE INDEX "index_users_on_reset_password_token" ON "users" ("reset_password_token")[0m
  [1m[35m (0.3ms)[0m  [1m[35mCREATE UNIQUE INDEX "index_users_on_confirmation_token" ON "users" ("confirmation_token")[0m
  [1m[36mActiveRecord::SchemaMigration Create (0.3ms)[0m  [1m[32mINSERT INTO "schema_migrations" ("version") VALUES (?)[0m  [["version", "20220310163437"]]
  [1m[36mTRANSACTION (1.6ms)[0m  [1m[36mcommit transaction[0m
  [1m[36mActiveRecord::InternalMetadata Load (0.3ms)[0m  [1m[34mSELECT "ar_internal_metadata".* FROM "ar_internal_metadata" WHERE "ar_internal_metadata"."key" = ? LIMIT ?[0m  [["key", "environment"], ["LIMIT", 1]]
  [1m[36mTRANSACTION (0.1ms)[0m  [1m[36mbegin transaction[0m
  [1m[36mActiveRecord::InternalMetadata Create (0.7ms)[0m  [1m[32mINSERT INTO "ar_internal_metadata" ("key", "value", "created_at", "updated_at") VALUES (?, ?, ?, ?)[0m  [["key", "environment"], ["value", "development"], ["created_at", "2022-03-10 16:35:14.399159"], ["updated_at", "2022-03-10 16:35:14.399159"]]
  [1m[36mTRANSACTION (1.4ms)[0m  [1m[36mcommit transaction[0m
  [1m[35m (0.2ms)[0m  [1m[34mSELECT sqlite_version(*)[0m
  [1m[35m (0.1ms)[0m  [1m[34mSELECT "schema_migrations"."version" FROM "schema_migrations" ORDER BY "schema_migrations"."version" ASC[0m
Started POST "/api/v1/auth" for ::1 at 2022-03-11 01:39:42 +0900
  
NoMethodError (undefined method `mount_devise_token_auth_for' for #<ActionDispatch::Routing::Mapper:0x00007fa7e9f57740>):
  
config/routes.rb:6:in `block (3 levels) in <main>'
config/routes.rb:3:in `block (2 levels) in <main>'
config/routes.rb:2:in `block in <main>'
config/routes.rb:1:in `<main>'
Started POST "/api/v1/auth" for ::1 at 2022-03-11 01:40:19 +0900
  [1m[35m (1.0ms)[0m  [1m[34mSELECT sqlite_version(*)[0m
  [1m[35m (0.2ms)[0m  [1m[34mSELECT "schema_migrations"."version" FROM "schema_migrations" ORDER BY "schema_migrations"."version" ASC[0m
Processing by Api::V1::Auth::RegistrationsController#create as */*
  Parameters: {"name"=>"test", "email"=>"test@example.com", "password"=>"[FILTERED]", "password_confirmation"=>"[FILTERED]"}
  [1m[36mTRANSACTION (0.1ms)[0m  [1m[36mbegin transaction[0m
  [1m[36mUser Exists? (0.3ms)[0m  [1m[34mSELECT 1 AS one FROM "users" WHERE LOWER("users"."email") = LOWER(?) AND "users"."provider" = ? LIMIT ?[0m  [["email", "test@example.com"], ["provider", "email"], ["LIMIT", 1]]
  [1m[36mUser Create (0.5ms)[0m  [1m[32mINSERT INTO "users" ("uid", "encrypted_password", "name", "email", "created_at", "updated_at") VALUES (?, ?, ?, ?, ?, ?)[0m  [["uid", "test@example.com"], ["encrypted_password", "$2a$12$pX8MCdNOaLxTpFUwLfkFeeebD7ln5zR9OjYYiGg6njTbf6qYCwws6"], ["name", "test"], ["email", "test@example.com"], ["created_at", "2022-03-10 16:40:20.470898"], ["updated_at", "2022-03-10 16:40:20.470898"]]
  [1m[36mTRANSACTION (1.4ms)[0m  [1m[36mcommit transaction[0m
  [1m[36mTRANSACTION (0.1ms)[0m  [1m[36mbegin transaction[0m
  [1m[36mUser Update (0.5ms)[0m  [1m[33mUPDATE "users" SET "tokens" = ?, "updated_at" = ? WHERE "users"."id" = ?[0m  [["tokens", "{\"8rX5jpLg3fEKWQShngBstg\":{\"token\":\"$2a$10$hnu7h.rUYwiS4jli2XLXM.YFWFcyQB4eZ5oLdxW/YyKKxbeFMT7Uy\",\"expiry\":1648140020}}"], ["updated_at", "2022-03-10 16:40:20.532940"], ["id", 1]]
  [1m[36mTRANSACTION (1.5ms)[0m  [1m[36mcommit transaction[0m
  [1m[36mUser Load (0.2ms)[0m  [1m[34mSELECT "users".* FROM "users" WHERE "users"."id" = ? LIMIT ?[0m  [["id", 1], ["LIMIT", 1]]
  [1m[36mTRANSACTION (0.1ms)[0m  [1m[36mbegin transaction[0m
  [1m[36mUser Load (0.2ms)[0m  [1m[34mSELECT "users".* FROM "users" WHERE "users"."id" = ? LIMIT ? [0m  [["id", 1], ["LIMIT", 1]]
  [1m[36mUser Update (0.4ms)[0m  [1m[33mUPDATE "users" SET "tokens" = ?, "updated_at" = ? WHERE "users"."id" = ?[0m  [["tokens", "{\"8rX5jpLg3fEKWQShngBstg\":{\"token\":\"$2a$10$5CImg/JHtDXJ7ROEW/aEyO8w78w4XaiRr/J3JWI7juUG9R31vmdWS\",\"expiry\":1648140020,\"last_token\":\"$2a$10$hnu7h.rUYwiS4jli2XLXM.YFWFcyQB4eZ5oLdxW/YyKKxbeFMT7Uy\",\"updated_at\":\"2022-03-10T16:40:20Z\"}}"], ["updated_at", "2022-03-10 16:40:20.603525"], ["id", 1]]
  [1m[36mTRANSACTION (2.0ms)[0m  [1m[36mcommit transaction[0m
Completed 200 OK in 557ms (Views: 0.3ms | ActiveRecord: 8.1ms | Allocations: 47816)


Started POST "/api/v1/auth/sign_in" for ::1 at 2022-03-11 01:41:13 +0900
Processing by DeviseTokenAuth::SessionsController#create as */*
  Parameters: {"email"=>"test@example.com", "password"=>"[FILTERED]"}
  [1m[36mUser Load (0.4ms)[0m  [1m[34mSELECT "users".* FROM "users" WHERE "users"."email" = ? AND "users"."provider" = ? LIMIT ?[0m  [["email", "test@example.com"], ["provider", "email"], ["LIMIT", 1]]
  [1m[36mTRANSACTION (0.1ms)[0m  [1m[36mbegin transaction[0m
  [1m[36mUser Update (0.5ms)[0m  [1m[33mUPDATE "users" SET "tokens" = ?, "updated_at" = ? WHERE "users"."id" = ?[0m  [["tokens", "{\"8rX5jpLg3fEKWQShngBstg\":{\"token\":\"$2a$10$5CImg/JHtDXJ7ROEW/aEyO8w78w4XaiRr/J3JWI7juUG9R31vmdWS\",\"expiry\":1648140020,\"last_token\":\"$2a$10$hnu7h.rUYwiS4jli2XLXM.YFWFcyQB4eZ5oLdxW/YyKKxbeFMT7Uy\",\"updated_at\":\"2022-03-10T16:40:20Z\"},\"Ti3Ux2MjHHc511Q4ikbbGw\":{\"token\":\"$2a$10$zkFBIVizEcALex/N4IF2h.l9WySzMCY1tnMju.ox50/SKVN3Bj7FW\",\"expiry\":1648140073}}"], ["updated_at", "2022-03-10 16:41:13.749083"], ["id", 1]]
  [1m[36mTRANSACTION (1.5ms)[0m  [1m[36mcommit transaction[0m
  [1m[36mUser Load (0.2ms)[0m  [1m[34mSELECT "users".* FROM "users" WHERE "users"."id" = ? LIMIT ?[0m  [["id", 1], ["LIMIT", 1]]
  [1m[36mTRANSACTION (0.1ms)[0m  [1m[36mbegin transaction[0m
  [1m[36mUser Load (0.1ms)[0m  [1m[34mSELECT "users".* FROM "users" WHERE "users"."id" = ? LIMIT ? [0m  [["id", 1], ["LIMIT", 1]]
  [1m[36mUser Update (0.4ms)[0m  [1m[33mUPDATE "users" SET "tokens" = ?, "updated_at" = ? WHERE "users"."id" = ?[0m  [["tokens", "{\"8rX5jpLg3fEKWQShngBstg\":{\"token\":\"$2a$10$5CImg/JHtDXJ7ROEW/aEyO8w78w4XaiRr/J3JWI7juUG9R31vmdWS\",\"expiry\":1648140020,\"last_token\":\"$2a$10$hnu7h.rUYwiS4jli2XLXM.YFWFcyQB4eZ5oLdxW/YyKKxbeFMT7Uy\",\"updated_at\":\"2022-03-10T16:40:20Z\"},\"Ti3Ux2MjHHc511Q4ikbbGw\":{\"token\":\"$2a$10$0hWDNPgbQhPTR2hYhbwJIuz8w1cFBlRRoR/Bb8IN7qXnZbvisEDyi\",\"expiry\":1648140073,\"last_token\":\"$2a$10$zkFBIVizEcALex/N4IF2h.l9WySzMCY1tnMju.ox50/SKVN3Bj7FW\",\"updated_at\":\"2022-03-10T16:41:13Z\"}}"], ["updated_at", "2022-03-10 16:41:13.817561"], ["id", 1]]
  [1m[36mTRANSACTION (2.0ms)[0m  [1m[36mcommit transaction[0m
Completed 200 OK in 364ms (Views: 0.3ms | ActiveRecord: 5.3ms | Allocations: 9654)


Started POST "/api/v1/auth/sign_in" for ::1 at 2022-03-11 01:46:19 +0900
  [1m[35m (0.6ms)[0m  [1m[34mSELECT sqlite_version(*)[0m
  [1m[35m (0.2ms)[0m  [1m[34mSELECT "schema_migrations"."version" FROM "schema_migrations" ORDER BY "schema_migrations"."version" ASC[0m
Processing by DeviseTokenAuth::SessionsController#create as */*
  Parameters: {"email"=>"test@example.com", "password"=>"[FILTERED]"}
  [1m[36mUser Load (0.2ms)[0m  [1m[34mSELECT "users".* FROM "users" WHERE "users"."email" = ? AND "users"."provider" = ? LIMIT ?[0m  [["email", "test@example.com"], ["provider", "email"], ["LIMIT", 1]]
  [1m[36mTRANSACTION (0.1ms)[0m  [1m[36mbegin transaction[0m
  [1m[36mUser Update (0.5ms)[0m  [1m[33mUPDATE "users" SET "tokens" = ?, "updated_at" = ? WHERE "users"."id" = ?[0m  [["tokens", "{\"8rX5jpLg3fEKWQShngBstg\":{\"token\":\"$2a$10$5CImg/JHtDXJ7ROEW/aEyO8w78w4XaiRr/J3JWI7juUG9R31vmdWS\",\"expiry\":1648140020,\"last_token\":\"$2a$10$hnu7h.rUYwiS4jli2XLXM.YFWFcyQB4eZ5oLdxW/YyKKxbeFMT7Uy\",\"updated_at\":\"2022-03-10T16:40:20Z\"},\"Ti3Ux2MjHHc511Q4ikbbGw\":{\"token\":\"$2a$10$0hWDNPgbQhPTR2hYhbwJIuz8w1cFBlRRoR/Bb8IN7qXnZbvisEDyi\",\"expiry\":1648140073,\"last_token\":\"$2a$10$zkFBIVizEcALex/N4IF2h.l9WySzMCY1tnMju.ox50/SKVN3Bj7FW\",\"updated_at\":\"2022-03-10T16:41:13Z\"},\"eeGUoJY1v_DsfWNwscLgKg\":{\"token\":\"$2a$10$Z71VQdUG58V8h1gjNYvJ3OM39Kdpb8wWVDXy845sa4of0aoEVsT3e\",\"expiry\":1648140380}}"], ["updated_at", "2022-03-10 16:46:20.387284"], ["id", 1]]
  [1m[36mTRANSACTION (1.8ms)[0m  [1m[36mcommit transaction[0m
  [1m[36mUser Load (0.2ms)[0m  [1m[34mSELECT "users".* FROM "users" WHERE "users"."id" = ? LIMIT ?[0m  [["id", 1], ["LIMIT", 1]]
  [1m[36mTRANSACTION (0.1ms)[0m  [1m[36mbegin transaction[0m
  [1m[36mUser Load (0.2ms)[0m  [1m[34mSELECT "users".* FROM "users" WHERE "users"."id" = ? LIMIT ? [0m  [["id", 1], ["LIMIT", 1]]
  [1m[36mUser Update (0.4ms)[0m  [1m[33mUPDATE "users" SET "tokens" = ?, "updated_at" = ? WHERE "users"."id" = ?[0m  [["tokens", "{\"8rX5jpLg3fEKWQShngBstg\":{\"token\":\"$2a$10$5CImg/JHtDXJ7ROEW/aEyO8w78w4XaiRr/J3JWI7juUG9R31vmdWS\",\"expiry\":1648140020,\"last_token\":\"$2a$10$hnu7h.rUYwiS4jli2XLXM.YFWFcyQB4eZ5oLdxW/YyKKxbeFMT7Uy\",\"updated_at\":\"2022-03-10T16:40:20Z\"},\"Ti3Ux2MjHHc511Q4ikbbGw\":{\"token\":\"$2a$10$0hWDNPgbQhPTR2hYhbwJIuz8w1cFBlRRoR/Bb8IN7qXnZbvisEDyi\",\"expiry\":1648140073,\"last_token\":\"$2a$10$zkFBIVizEcALex/N4IF2h.l9WySzMCY1tnMju.ox50/SKVN3Bj7FW\",\"updated_at\":\"2022-03-10T16:41:13Z\"},\"eeGUoJY1v_DsfWNwscLgKg\":{\"token\":\"$2a$10$/GdrzOGbZBpQURYpG/jmSeWJ50ek72.Hu0rF633IpLKEfXTW1MHRy\",\"expiry\":1648140380,\"last_token\":\"$2a$10$Z71VQdUG58V8h1gjNYvJ3OM39Kdpb8wWVDXy845sa4of0aoEVsT3e\",\"updated_at\":\"2022-03-10T16:46:20Z\"}}"], ["updated_at", "2022-03-10 16:46:20.455916"], ["id", 1]]
  [1m[36mTRANSACTION (2.0ms)[0m  [1m[36mcommit transaction[0m
Completed 200 OK in 389ms (Views: 0.3ms | ActiveRecord: 6.3ms | Allocations: 22574)


Started POST "/api/v1/auth/sign_in" for ::1 at 2022-03-11 01:49:12 +0900
  [1m[35m (1.7ms)[0m  [1m[34mSELECT sqlite_version(*)[0m
  [1m[35m (0.3ms)[0m  [1m[34mSELECT "schema_migrations"."version" FROM "schema_migrations" ORDER BY "schema_migrations"."version" ASC[0m
Processing by DeviseTokenAuth::SessionsController#create as */*
  Parameters: {"email"=>"test@example.com", "password"=>"[FILTERED]"}
  [1m[36mUser Load (0.2ms)[0m  [1m[34mSELECT "users".* FROM "users" WHERE "users"."email" = ? AND "users"."provider" = ? LIMIT ?[0m  [["email", "test@example.com"], ["provider", "email"], ["LIMIT", 1]]
  [1m[36mTRANSACTION (0.1ms)[0m  [1m[36mbegin transaction[0m
  [1m[36mUser Update (0.5ms)[0m  [1m[33mUPDATE "users" SET "tokens" = ?, "updated_at" = ? WHERE "users"."id" = ?[0m  [["tokens", "{\"8rX5jpLg3fEKWQShngBstg\":{\"token\":\"$2a$10$5CImg/JHtDXJ7ROEW/aEyO8w78w4XaiRr/J3JWI7juUG9R31vmdWS\",\"expiry\":1648140020,\"last_token\":\"$2a$10$hnu7h.rUYwiS4jli2XLXM.YFWFcyQB4eZ5oLdxW/YyKKxbeFMT7Uy\",\"updated_at\":\"2022-03-10T16:40:20Z\"},\"Ti3Ux2MjHHc511Q4ikbbGw\":{\"token\":\"$2a$10$0hWDNPgbQhPTR2hYhbwJIuz8w1cFBlRRoR/Bb8IN7qXnZbvisEDyi\",\"expiry\":1648140073,\"last_token\":\"$2a$10$zkFBIVizEcALex/N4IF2h.l9WySzMCY1tnMju.ox50/SKVN3Bj7FW\",\"updated_at\":\"2022-03-10T16:41:13Z\"},\"eeGUoJY1v_DsfWNwscLgKg\":{\"token\":\"$2a$10$/GdrzOGbZBpQURYpG/jmSeWJ50ek72.Hu0rF633IpLKEfXTW1MHRy\",\"expiry\":1648140380,\"last_token\":\"$2a$10$Z71VQdUG58V8h1gjNYvJ3OM39Kdpb8wWVDXy845sa4of0aoEVsT3e\",\"updated_at\":\"2022-03-10T16:46:20Z\"},\"GI7VpgNSBOkI3CFGd6pA9Q\":{\"token\":\"$2a$10$nPSnH9zSNb5m7GlXdK.WcOg6zNhauaufEGgEviNRMT3.iqv7xVUky\",\"expiry\":1648140553}}"], ["updated_at", "2022-03-10 16:49:13.383894"], ["id", 1]]
  [1m[36mTRANSACTION (1.9ms)[0m  [1m[36mcommit transaction[0m
  [1m[36mUser Load (0.2ms)[0m  [1m[34mSELECT "users".* FROM "users" WHERE "users"."id" = ? LIMIT ?[0m  [["id", 1], ["LIMIT", 1]]
  [1m[36mTRANSACTION (0.1ms)[0m  [1m[36mbegin transaction[0m
  [1m[36mUser Load (0.2ms)[0m  [1m[34mSELECT "users".* FROM "users" WHERE "users"."id" = ? LIMIT ? [0m  [["id", 1], ["LIMIT", 1]]
  [1m[36mUser Update (0.4ms)[0m  [1m[33mUPDATE "users" SET "tokens" = ?, "updated_at" = ? WHERE "users"."id" = ?[0m  [["tokens", "{\"8rX5jpLg3fEKWQShngBstg\":{\"token\":\"$2a$10$5CImg/JHtDXJ7ROEW/aEyO8w78w4XaiRr/J3JWI7juUG9R31vmdWS\",\"expiry\":1648140020,\"last_token\":\"$2a$10$hnu7h.rUYwiS4jli2XLXM.YFWFcyQB4eZ5oLdxW/YyKKxbeFMT7Uy\",\"updated_at\":\"2022-03-10T16:40:20Z\"},\"Ti3Ux2MjHHc511Q4ikbbGw\":{\"token\":\"$2a$10$0hWDNPgbQhPTR2hYhbwJIuz8w1cFBlRRoR/Bb8IN7qXnZbvisEDyi\",\"expiry\":1648140073,\"last_token\":\"$2a$10$zkFBIVizEcALex/N4IF2h.l9WySzMCY1tnMju.ox50/SKVN3Bj7FW\",\"updated_at\":\"2022-03-10T16:41:13Z\"},\"eeGUoJY1v_DsfWNwscLgKg\":{\"token\":\"$2a$10$/GdrzOGbZBpQURYpG/jmSeWJ50ek72.Hu0rF633IpLKEfXTW1MHRy\",\"expiry\":1648140380,\"last_token\":\"$2a$10$Z71VQdUG58V8h1gjNYvJ3OM39Kdpb8wWVDXy845sa4of0aoEVsT3e\",\"updated_at\":\"2022-03-10T16:46:20Z\"},\"GI7VpgNSBOkI3CFGd6pA9Q\":{\"token\":\"$2a$10$Rm7bHeMBSmwUUONbcIklTObshyiYqqKOT/v7B9MrOUuGwIqr2wkOm\",\"expiry\":1648140553,\"last_token\":\"$2a$10$nPSnH9zSNb5m7GlXdK.WcOg6zNhauaufEGgEviNRMT3.iqv7xVUky\",\"updated_at\":\"2022-03-10T16:49:13Z\"}}"], ["updated_at", "2022-03-10 16:49:13.451586"], ["id", 1]]
  [1m[36mTRANSACTION (2.1ms)[0m  [1m[36mcommit transaction[0m
Completed 200 OK in 368ms (Views: 0.3ms | ActiveRecord: 6.5ms | Allocations: 22797)


Started POST "/api/v1/auth/sign_in" for ::1 at 2022-03-11 01:49:38 +0900
Processing by DeviseTokenAuth::SessionsController#create as */*
  Parameters: {"email"=>"test@example.com", "password"=>"[FILTERED]"}
  [1m[36mUser Load (0.7ms)[0m  [1m[34mSELECT "users".* FROM "users" WHERE "users"."email" = ? AND "users"."provider" = ? LIMIT ?[0m  [["email", "test@example.com"], ["provider", "email"], ["LIMIT", 1]]
  [1m[36mTRANSACTION (0.1ms)[0m  [1m[36mbegin transaction[0m
  [1m[36mUser Update (0.5ms)[0m  [1m[33mUPDATE "users" SET "tokens" = ?, "updated_at" = ? WHERE "users"."id" = ?[0m  [["tokens", "{\"8rX5jpLg3fEKWQShngBstg\":{\"token\":\"$2a$10$5CImg/JHtDXJ7ROEW/aEyO8w78w4XaiRr/J3JWI7juUG9R31vmdWS\",\"expiry\":1648140020,\"last_token\":\"$2a$10$hnu7h.rUYwiS4jli2XLXM.YFWFcyQB4eZ5oLdxW/YyKKxbeFMT7Uy\",\"updated_at\":\"2022-03-10T16:40:20Z\"},\"Ti3Ux2MjHHc511Q4ikbbGw\":{\"token\":\"$2a$10$0hWDNPgbQhPTR2hYhbwJIuz8w1cFBlRRoR/Bb8IN7qXnZbvisEDyi\",\"expiry\":1648140073,\"last_token\":\"$2a$10$zkFBIVizEcALex/N4IF2h.l9WySzMCY1tnMju.ox50/SKVN3Bj7FW\",\"updated_at\":\"2022-03-10T16:41:13Z\"},\"eeGUoJY1v_DsfWNwscLgKg\":{\"token\":\"$2a$10$/GdrzOGbZBpQURYpG/jmSeWJ50ek72.Hu0rF633IpLKEfXTW1MHRy\",\"expiry\":1648140380,\"last_token\":\"$2a$10$Z71VQdUG58V8h1gjNYvJ3OM39Kdpb8wWVDXy845sa4of0aoEVsT3e\",\"updated_at\":\"2022-03-10T16:46:20Z\"},\"GI7VpgNSBOkI3CFGd6pA9Q\":{\"token\":\"$2a$10$Rm7bHeMBSmwUUONbcIklTObshyiYqqKOT/v7B9MrOUuGwIqr2wkOm\",\"expiry\":1648140553,\"last_token\":\"$2a$10$nPSnH9zSNb5m7GlXdK.WcOg6zNhauaufEGgEviNRMT3.iqv7xVUky\",\"updated_at\":\"2022-03-10T16:49:13Z\"},\"REHDPIsSVkMB_Z21_Xkxag\":{\"token\":\"$2a$10$xSqj3gDjJexdcGSVGH2TbuVaieCfaDyZ.0WkfOwE9pbxW8F7GLsGK\",\"expiry\":1648140578}}"], ["updated_at", "2022-03-10 16:49:38.569672"], ["id", 1]]
  [1m[36mTRANSACTION (1.3ms)[0m  [1m[36mcommit transaction[0m
  [1m[36mUser Load (0.2ms)[0m  [1m[34mSELECT "users".* FROM "users" WHERE "users"."id" = ? LIMIT ?[0m  [["id", 1], ["LIMIT", 1]]
  [1m[36mTRANSACTION (0.1ms)[0m  [1m[36mbegin transaction[0m
  [1m[36mUser Load (0.2ms)[0m  [1m[34mSELECT "users".* FROM "users" WHERE "users"."id" = ? LIMIT ? [0m  [["id", 1], ["LIMIT", 1]]
  [1m[36mUser Update (0.4ms)[0m  [1m[33mUPDATE "users" SET "tokens" = ?, "updated_at" = ? WHERE "users"."id" = ?[0m  [["tokens", "{\"8rX5jpLg3fEKWQShngBstg\":{\"token\":\"$2a$10$5CImg/JHtDXJ7ROEW/aEyO8w78w4XaiRr/J3JWI7juUG9R31vmdWS\",\"expiry\":1648140020,\"last_token\":\"$2a$10$hnu7h.rUYwiS4jli2XLXM.YFWFcyQB4eZ5oLdxW/YyKKxbeFMT7Uy\",\"updated_at\":\"2022-03-10T16:40:20Z\"},\"Ti3Ux2MjHHc511Q4ikbbGw\":{\"token\":\"$2a$10$0hWDNPgbQhPTR2hYhbwJIuz8w1cFBlRRoR/Bb8IN7qXnZbvisEDyi\",\"expiry\":1648140073,\"last_token\":\"$2a$10$zkFBIVizEcALex/N4IF2h.l9WySzMCY1tnMju.ox50/SKVN3Bj7FW\",\"updated_at\":\"2022-03-10T16:41:13Z\"},\"eeGUoJY1v_DsfWNwscLgKg\":{\"token\":\"$2a$10$/GdrzOGbZBpQURYpG/jmSeWJ50ek72.Hu0rF633IpLKEfXTW1MHRy\",\"expiry\":1648140380,\"last_token\":\"$2a$10$Z71VQdUG58V8h1gjNYvJ3OM39Kdpb8wWVDXy845sa4of0aoEVsT3e\",\"updated_at\":\"2022-03-10T16:46:20Z\"},\"GI7VpgNSBOkI3CFGd6pA9Q\":{\"token\":\"$2a$10$Rm7bHeMBSmwUUONbcIklTObshyiYqqKOT/v7B9MrOUuGwIqr2wkOm\",\"expiry\":1648140553,\"last_token\":\"$2a$10$nPSnH9zSNb5m7GlXdK.WcOg6zNhauaufEGgEviNRMT3.iqv7xVUky\",\"updated_at\":\"2022-03-10T16:49:13Z\"},\"REHDPIsSVkMB_Z21_Xkxag\":{\"token\":\"$2a$10$6SkCrdv8WyL58rghRT.4OOE6M78CMAhHV1xCiRxgMydtWO0lQItly\",\"expiry\":1648140578,\"last_token\":\"$2a$10$xSqj3gDjJexdcGSVGH2TbuVaieCfaDyZ.0WkfOwE9pbxW8F7GLsGK\",\"updated_at\":\"2022-03-10T16:49:38Z\"}}"], ["updated_at", "2022-03-10 16:49:38.635669"], ["id", 1]]
  [1m[36mTRANSACTION (2.0ms)[0m  [1m[36mcommit transaction[0m
Completed 200 OK in 358ms (Views: 0.2ms | ActiveRecord: 5.4ms | Allocations: 9605)


Started POST "/api/v1/auth/sign_in" for ::1 at 2022-03-11 02:40:46 +0900
  [1m[35m (0.7ms)[0m  [1m[34mSELECT sqlite_version(*)[0m
  [1m[35m (0.2ms)[0m  [1m[34mSELECT "schema_migrations"."version" FROM "schema_migrations" ORDER BY "schema_migrations"."version" ASC[0m
Processing by DeviseTokenAuth::SessionsController#create as */*
  Parameters: {"email"=>"test@example.com", "password"=>"[FILTERED]"}
  [1m[36mUser Load (0.2ms)[0m  [1m[34mSELECT "users".* FROM "users" WHERE "users"."email" = ? AND "users"."provider" = ? LIMIT ?[0m  [["email", "test@example.com"], ["provider", "email"], ["LIMIT", 1]]
  [1m[36mTRANSACTION (0.1ms)[0m  [1m[36mbegin transaction[0m
  [1m[36mUser Update (0.5ms)[0m  [1m[33mUPDATE "users" SET "tokens" = ?, "updated_at" = ? WHERE "users"."id" = ?[0m  [["tokens", "{\"8rX5jpLg3fEKWQShngBstg\":{\"token\":\"$2a$10$5CImg/JHtDXJ7ROEW/aEyO8w78w4XaiRr/J3JWI7juUG9R31vmdWS\",\"expiry\":1648140020,\"last_token\":\"$2a$10$hnu7h.rUYwiS4jli2XLXM.YFWFcyQB4eZ5oLdxW/YyKKxbeFMT7Uy\",\"updated_at\":\"2022-03-10T16:40:20Z\"},\"Ti3Ux2MjHHc511Q4ikbbGw\":{\"token\":\"$2a$10$0hWDNPgbQhPTR2hYhbwJIuz8w1cFBlRRoR/Bb8IN7qXnZbvisEDyi\",\"expiry\":1648140073,\"last_token\":\"$2a$10$zkFBIVizEcALex/N4IF2h.l9WySzMCY1tnMju.ox50/SKVN3Bj7FW\",\"updated_at\":\"2022-03-10T16:41:13Z\"},\"eeGUoJY1v_DsfWNwscLgKg\":{\"token\":\"$2a$10$/GdrzOGbZBpQURYpG/jmSeWJ50ek72.Hu0rF633IpLKEfXTW1MHRy\",\"expiry\":1648140380,\"last_token\":\"$2a$10$Z71VQdUG58V8h1gjNYvJ3OM39Kdpb8wWVDXy845sa4of0aoEVsT3e\",\"updated_at\":\"2022-03-10T16:46:20Z\"},\"GI7VpgNSBOkI3CFGd6pA9Q\":{\"token\":\"$2a$10$Rm7bHeMBSmwUUONbcIklTObshyiYqqKOT/v7B9MrOUuGwIqr2wkOm\",\"expiry\":1648140553,\"last_token\":\"$2a$10$nPSnH9zSNb5m7GlXdK.WcOg6zNhauaufEGgEviNRMT3.iqv7xVUky\",\"updated_at\":\"2022-03-10T16:49:13Z\"},\"REHDPIsSVkMB_Z21_Xkxag\":{\"token\":\"$2a$10$6SkCrdv8WyL58rghRT.4OOE6M78CMAhHV1xCiRxgMydtWO0lQItly\",\"expiry\":1648140578,\"last_token\":\"$2a$10$xSqj3gDjJexdcGSVGH2TbuVaieCfaDyZ.0WkfOwE9pbxW8F7GLsGK\",\"updated_at\":\"2022-03-10T16:49:38Z\"},\"1j1j7y9cbufxsIHKl19VVg\":{\"token\":\"$2a$10$1LScHNz9e9QaQHc/XpZojODNVVV6snPkTSWQNePCNnrEodMWJ/ASu\",\"expiry\":1648143647}}"], ["updated_at", "2022-03-10 17:40:47.226575"], ["id", 1]]
  [1m[36mTRANSACTION (2.1ms)[0m  [1m[36mcommit transaction[0m
  [1m[36mUser Load (0.2ms)[0m  [1m[34mSELECT "users".* FROM "users" WHERE "users"."id" = ? LIMIT ?[0m  [["id", 1], ["LIMIT", 1]]
  [1m[36mTRANSACTION (0.1ms)[0m  [1m[36mbegin transaction[0m
  [1m[36mUser Load (0.2ms)[0m  [1m[34mSELECT "users".* FROM "users" WHERE "users"."id" = ? LIMIT ? [0m  [["id", 1], ["LIMIT", 1]]
  [1m[36mUser Update (0.5ms)[0m  [1m[33mUPDATE "users" SET "tokens" = ?, "updated_at" = ? WHERE "users"."id" = ?[0m  [["tokens", "{\"8rX5jpLg3fEKWQShngBstg\":{\"token\":\"$2a$10$5CImg/JHtDXJ7ROEW/aEyO8w78w4XaiRr/J3JWI7juUG9R31vmdWS\",\"expiry\":1648140020,\"last_token\":\"$2a$10$hnu7h.rUYwiS4jli2XLXM.YFWFcyQB4eZ5oLdxW/YyKKxbeFMT7Uy\",\"updated_at\":\"2022-03-10T16:40:20Z\"},\"Ti3Ux2MjHHc511Q4ikbbGw\":{\"token\":\"$2a$10$0hWDNPgbQhPTR2hYhbwJIuz8w1cFBlRRoR/Bb8IN7qXnZbvisEDyi\",\"expiry\":1648140073,\"last_token\":\"$2a$10$zkFBIVizEcALex/N4IF2h.l9WySzMCY1tnMju.ox50/SKVN3Bj7FW\",\"updated_at\":\"2022-03-10T16:41:13Z\"},\"eeGUoJY1v_DsfWNwscLgKg\":{\"token\":\"$2a$10$/GdrzOGbZBpQURYpG/jmSeWJ50ek72.Hu0rF633IpLKEfXTW1MHRy\",\"expiry\":1648140380,\"last_token\":\"$2a$10$Z71VQdUG58V8h1gjNYvJ3OM39Kdpb8wWVDXy845sa4of0aoEVsT3e\",\"updated_at\":\"2022-03-10T16:46:20Z\"},\"GI7VpgNSBOkI3CFGd6pA9Q\":{\"token\":\"$2a$10$Rm7bHeMBSmwUUONbcIklTObshyiYqqKOT/v7B9MrOUuGwIqr2wkOm\",\"expiry\":1648140553,\"last_token\":\"$2a$10$nPSnH9zSNb5m7GlXdK.WcOg6zNhauaufEGgEviNRMT3.iqv7xVUky\",\"updated_at\":\"2022-03-10T16:49:13Z\"},\"REHDPIsSVkMB_Z21_Xkxag\":{\"token\":\"$2a$10$6SkCrdv8WyL58rghRT.4OOE6M78CMAhHV1xCiRxgMydtWO0lQItly\",\"expiry\":1648140578,\"last_token\":\"$2a$10$xSqj3gDjJexdcGSVGH2TbuVaieCfaDyZ.0WkfOwE9pbxW8F7GLsGK\",\"updated_at\":\"2022-03-10T16:49:38Z\"},\"1j1j7y9cbufxsIHKl19VVg\":{\"token\":\"$2a$10$F/ZIpHabZNRCYgfqSWv/guUv77kgx7g3Van0FVCj8XRFV.AR3d1/e\",\"expiry\":1648143647,\"last_token\":\"$2a$10$1LScHNz9e9QaQHc/XpZojODNVVV6snPkTSWQNePCNnrEodMWJ/ASu\",\"updated_at\":\"2022-03-10T17:40:47Z\"}}"], ["updated_at", "2022-03-10 17:40:47.304879"], ["id", 1]]
  [1m[36mTRANSACTION (1.9ms)[0m  [1m[36mcommit transaction[0m
Completed 200 OK in 413ms (Views: 0.3ms | ActiveRecord: 6.6ms | Allocations: 23229)


Started GET "/" for ::1 at 2022-03-11 02:42:20 +0900
Processing by Rails::WelcomeController#index as HTML
  Rendering /Users/kankuranaoya/.rbenv/versions/2.6.9/lib/ruby/gems/2.6.0/gems/railties-6.1.4.7/lib/rails/templates/rails/welcome/index.html.erb
  Rendered /Users/kankuranaoya/.rbenv/versions/2.6.9/lib/ruby/gems/2.6.0/gems/railties-6.1.4.7/lib/rails/templates/rails/welcome/index.html.erb (Duration: 12.0ms | Allocations: 305)
Completed 200 OK in 34ms (Views: 17.4ms | ActiveRecord: 0.0ms | Allocations: 1679)


Started POST "/api/v1/auth" for ::1 at 2022-03-11 02:45:25 +0900
Processing by Api::V1::Auth::RegistrationsController#create as HTML
  Parameters: {"name"=>"Naoya", "email"=>"708.baseball.ster@gmail.com", "password"=>"[FILTERED]", "password_confirmation"=>"[FILTERED]", "registration"=>{"name"=>"Naoya", "email"=>"708.baseball.ster@gmail.com", "password"=>"[FILTERED]", "password_confirmation"=>"[FILTERED]"}}
[31mUnpermitted parameter: :registration[0m
[31mUnpermitted parameter: :registration[0m
[31mUnpermitted parameter: :registration[0m
  [1m[36mTRANSACTION (0.1ms)[0m  [1m[36mbegin transaction[0m
  [1m[36mUser Exists? (0.5ms)[0m  [1m[34mSELECT 1 AS one FROM "users" WHERE LOWER("users"."email") = LOWER(?) AND "users"."provider" = ? LIMIT ?[0m  [["email", "708.baseball.ster@gmail.com"], ["provider", "email"], ["LIMIT", 1]]
  [1m[36mUser Create (0.5ms)[0m  [1m[32mINSERT INTO "users" ("uid", "encrypted_password", "name", "email", "created_at", "updated_at") VALUES (?, ?, ?, ?, ?, ?)[0m  [["uid", "708.baseball.ster@gmail.com"], ["encrypted_password", "$2a$12$.ffLo8rwZQuIg6vsLas.L.Ga1l1Mhy.WmbkKc31unf6Pg2vlqyFLC"], ["name", "Naoya"], ["email", "708.baseball.ster@gmail.com"], ["created_at", "2022-03-10 17:45:25.540505"], ["updated_at", "2022-03-10 17:45:25.540505"]]
  [1m[36mTRANSACTION (2.1ms)[0m  [1m[36mcommit transaction[0m
  [1m[36mTRANSACTION (0.1ms)[0m  [1m[36mbegin transaction[0m
  [1m[36mUser Update (0.5ms)[0m  [1m[33mUPDATE "users" SET "tokens" = ?, "updated_at" = ? WHERE "users"."id" = ?[0m  [["tokens", "{\"cX_CVhCf8PM0DZVE2jcCXw\":{\"token\":\"$2a$10$lTdAB.sC9WbifQSqmKKuHeo4W0YRhPZw/iFpH3o9FE36LPL1LxTBa\",\"expiry\":1648143925}}"], ["updated_at", "2022-03-10 17:45:25.605343"], ["id", 2]]
  [1m[36mTRANSACTION (1.3ms)[0m  [1m[36mcommit transaction[0m
  [1m[36mUser Load (0.2ms)[0m  [1m[34mSELECT "users".* FROM "users" WHERE "users"."id" = ? LIMIT ?[0m  [["id", 2], ["LIMIT", 1]]
  [1m[36mTRANSACTION (0.1ms)[0m  [1m[36mbegin transaction[0m
  [1m[36mUser Load (0.1ms)[0m  [1m[34mSELECT "users".* FROM "users" WHERE "users"."id" = ? LIMIT ? [0m  [["id", 2], ["LIMIT", 1]]
  [1m[36mUser Update (0.4ms)[0m  [1m[33mUPDATE "users" SET "tokens" = ?, "updated_at" = ? WHERE "users"."id" = ?[0m  [["tokens", "{\"cX_CVhCf8PM0DZVE2jcCXw\":{\"token\":\"$2a$10$36I5eLD.kt.4kiLQZ5x2cutCFg4NZmebeo2YO5WwB/7g4JT3Dhbka\",\"expiry\":1648143925,\"last_token\":\"$2a$10$lTdAB.sC9WbifQSqmKKuHeo4W0YRhPZw/iFpH3o9FE36LPL1LxTBa\",\"updated_at\":\"2022-03-10T17:45:25Z\"}}"], ["updated_at", "2022-03-10 17:45:25.675760"], ["id", 2]]
  [1m[36mTRANSACTION (1.9ms)[0m  [1m[36mcommit transaction[0m
Completed 200 OK in 400ms (Views: 0.3ms | ActiveRecord: 7.8ms | Allocations: 19586)


Started GET "/api/v1/auth/sessions" for ::1 at 2022-03-11 02:45:37 +0900
Processing by Api::V1::Auth::SessionsController#index as HTML
  [1m[36mUser Load (0.4ms)[0m  [1m[34mSELECT "users".* FROM "users" WHERE "users"."uid" = ? LIMIT ?[0m  [["uid", "708.baseball.ster@gmail.com"], ["LIMIT", 1]]
  ↳ app/controllers/api/v1/auth/sessions_controller.rb:4:in `index'
  [1m[36mUser Load (0.3ms)[0m  [1m[34mSELECT "users".* FROM "users" WHERE "users"."id" = ? LIMIT ?[0m  [["id", 2], ["LIMIT", 1]]
  [1m[36mTRANSACTION (0.2ms)[0m  [1m[36mbegin transaction[0m
  [1m[36mUser Load (0.2ms)[0m  [1m[34mSELECT "users".* FROM "users" WHERE "users"."id" = ? LIMIT ? [0m  [["id", 2], ["LIMIT", 1]]
  [1m[36mUser Update (0.6ms)[0m  [1m[33mUPDATE "users" SET "tokens" = ?, "updated_at" = ? WHERE "users"."id" = ?[0m  [["tokens", "{\"cX_CVhCf8PM0DZVE2jcCXw\":{\"token\":\"$2a$10$AbinS4r3vpEgywyXcks/qOrikwD2vioKx.Mudept/Xrwin.J2S8dS\",\"expiry\":1648143938,\"last_token\":\"$2a$10$36I5eLD.kt.4kiLQZ5x2cutCFg4NZmebeo2YO5WwB/7g4JT3Dhbka\",\"updated_at\":\"2022-03-10T17:45:37Z\"}}"], ["updated_at", "2022-03-10 17:45:38.035178"], ["id", 2]]
  [1m[36mTRANSACTION (2.7ms)[0m  [1m[36mcommit transaction[0m
Completed 200 OK in 253ms (Views: 1.1ms | ActiveRecord: 4.3ms | Allocations: 5825)


Started DELETE "/api/v1/auth/sign_out" for ::1 at 2022-03-11 02:45:40 +0900
Processing by DeviseTokenAuth::SessionsController#destroy as HTML
  [1m[36mUser Load (0.2ms)[0m  [1m[34mSELECT "users".* FROM "users" WHERE "users"."uid" = ? LIMIT ?[0m  [["uid", "708.baseball.ster@gmail.com"], ["LIMIT", 1]]
  [1m[36mTRANSACTION (0.1ms)[0m  [1m[36mbegin transaction[0m
  [1m[36mUser Update (0.4ms)[0m  [1m[33mUPDATE "users" SET "tokens" = ?, "updated_at" = ? WHERE "users"."id" = ?[0m  [["tokens", nil], ["updated_at", "2022-03-10 17:45:41.022354"], ["id", 2]]
  [1m[36mTRANSACTION (2.2ms)[0m  [1m[36mcommit transaction[0m
Completed 200 OK in 164ms (Views: 0.3ms | ActiveRecord: 2.9ms | Allocations: 4240)


Started POST "/api/v1/auth/sign_in" for ::1 at 2022-03-11 02:45:59 +0900
Processing by DeviseTokenAuth::SessionsController#create as HTML
  Parameters: {"email"=>"708.baseball.ster@gmail.com", "password"=>"[FILTERED]", "session"=>{"email"=>"708.baseball.ster@gmail.com", "password"=>"[FILTERED]"}}
[31mUnpermitted parameter: :session[0m
[31mUnpermitted parameter: :session[0m
  [1m[36mUser Load (0.2ms)[0m  [1m[34mSELECT "users".* FROM "users" WHERE "users"."email" = ? AND "users"."provider" = ? LIMIT ?[0m  [["email", "708.baseball.ster@gmail.com"], ["provider", "email"], ["LIMIT", 1]]
[31mUnpermitted parameter: :session[0m
[31mUnpermitted parameter: :session[0m
  [1m[36mTRANSACTION (0.1ms)[0m  [1m[36mbegin transaction[0m
  [1m[36mUser Update (0.4ms)[0m  [1m[33mUPDATE "users" SET "tokens" = ?, "updated_at" = ? WHERE "users"."id" = ?[0m  [["tokens", "{\"O-h4WCjk949OW8liqWmwIQ\":{\"token\":\"$2a$10$3.A7Lle/hC8nhMu4r1f9Ou9RBEnOJYSLwS.V6HfDH7j7N..23zJGW\",\"expiry\":1648143959}}"], ["updated_at", "2022-03-10 17:45:59.722840"], ["id", 2]]
  [1m[36mTRANSACTION (1.2ms)[0m  [1m[36mcommit transaction[0m
  [1m[36mUser Load (0.2ms)[0m  [1m[34mSELECT "users".* FROM "users" WHERE "users"."id" = ? LIMIT ?[0m  [["id", 2], ["LIMIT", 1]]
  [1m[36mTRANSACTION (0.1ms)[0m  [1m[36mbegin transaction[0m
  [1m[36mUser Load (0.2ms)[0m  [1m[34mSELECT "users".* FROM "users" WHERE "users"."id" = ? LIMIT ? [0m  [["id", 2], ["LIMIT", 1]]
  [1m[36mUser Update (0.4ms)[0m  [1m[33mUPDATE "users" SET "tokens" = ?, "updated_at" = ? WHERE "users"."id" = ?[0m  [["tokens", "{\"O-h4WCjk949OW8liqWmwIQ\":{\"token\":\"$2a$10$p.tDcJsczGquwri7kUkif.uA3Cc/QP2S1.Kk0ijoy47IChnTcVRJe\",\"expiry\":1648143959,\"last_token\":\"$2a$10$3.A7Lle/hC8nhMu4r1f9Ou9RBEnOJYSLwS.V6HfDH7j7N..23zJGW\",\"updated_at\":\"2022-03-10T17:45:59Z\"}}"], ["updated_at", "2022-03-10 17:45:59.791169"], ["id", 2]]
  [1m[36mTRANSACTION (1.4ms)[0m  [1m[36mcommit transaction[0m
Completed 200 OK in 369ms (Views: 0.2ms | ActiveRecord: 4.0ms | Allocations: 8871)


Started GET "/api/v1/auth/sessions" for ::1 at 2022-03-11 02:46:03 +0900
Processing by Api::V1::Auth::SessionsController#index as HTML
  [1m[36mUser Load (0.2ms)[0m  [1m[34mSELECT "users".* FROM "users" WHERE "users"."uid" = ? LIMIT ?[0m  [["uid", "708.baseball.ster@gmail.com"], ["LIMIT", 1]]
  ↳ app/controllers/api/v1/auth/sessions_controller.rb:4:in `index'
  [1m[36mUser Load (3.3ms)[0m  [1m[34mSELECT "users".* FROM "users" WHERE "users"."id" = ? LIMIT ?[0m  [["id", 2], ["LIMIT", 1]]
  [1m[36mTRANSACTION (0.1ms)[0m  [1m[36mbegin transaction[0m
  [1m[36mUser Load (0.2ms)[0m  [1m[34mSELECT "users".* FROM "users" WHERE "users"."id" = ? LIMIT ? [0m  [["id", 2], ["LIMIT", 1]]
  [1m[36mUser Update (0.5ms)[0m  [1m[33mUPDATE "users" SET "tokens" = ?, "updated_at" = ? WHERE "users"."id" = ?[0m  [["tokens", "{\"O-h4WCjk949OW8liqWmwIQ\":{\"token\":\"$2a$10$p.tDcJsczGquwri7kUkif.uA3Cc/QP2S1.Kk0ijoy47IChnTcVRJe\",\"expiry\":1648143959,\"last_token\":\"$2a$10$3.A7Lle/hC8nhMu4r1f9Ou9RBEnOJYSLwS.V6HfDH7j7N..23zJGW\",\"updated_at\":\"2022-03-10T17:46:04Z\"}}"], ["updated_at", "2022-03-10 17:46:04.045970"], ["id", 2]]
  [1m[36mTRANSACTION (1.6ms)[0m  [1m[36mcommit transaction[0m
Completed 200 OK in 234ms (Views: 6.7ms | ActiveRecord: 5.9ms | Allocations: 5500)


Started GET "/api/v1/auth/sessions" for ::1 at 2022-03-11 02:49:42 +0900
Processing by Api::V1::Auth::SessionsController#index as HTML
  [1m[36mUser Load (0.2ms)[0m  [1m[34mSELECT "users".* FROM "users" WHERE "users"."uid" = ? LIMIT ?[0m  [["uid", "708.baseball.ster@gmail.com"], ["LIMIT", 1]]
  ↳ app/controllers/api/v1/auth/sessions_controller.rb:4:in `index'
  [1m[36mUser Load (0.2ms)[0m  [1m[34mSELECT "users".* FROM "users" WHERE "users"."id" = ? LIMIT ?[0m  [["id", 2], ["LIMIT", 1]]
  [1m[36mTRANSACTION (0.1ms)[0m  [1m[36mbegin transaction[0m
  [1m[36mUser Load (0.2ms)[0m  [1m[34mSELECT "users".* FROM "users" WHERE "users"."id" = ? LIMIT ? [0m  [["id", 2], ["LIMIT", 1]]
  [1m[36mUser Update (0.7ms)[0m  [1m[33mUPDATE "users" SET "tokens" = ?, "updated_at" = ? WHERE "users"."id" = ?[0m  [["tokens", "{\"O-h4WCjk949OW8liqWmwIQ\":{\"token\":\"$2a$10$o0Ahj5FV46LtT3EbesukQupniy9ZlGvYpUE2.9PRZw5Ql5a1EJdgq\",\"expiry\":1648144182,\"last_token\":\"$2a$10$p.tDcJsczGquwri7kUkif.uA3Cc/QP2S1.Kk0ijoy47IChnTcVRJe\",\"updated_at\":\"2022-03-10T17:49:42Z\"}}"], ["updated_at", "2022-03-10 17:49:42.438466"], ["id", 2]]
  [1m[36mTRANSACTION (1.6ms)[0m  [1m[36mcommit transaction[0m
Completed 200 OK in 130ms (Views: 0.5ms | ActiveRecord: 3.1ms | Allocations: 5552)


Started DELETE "/api/v1/auth/sign_out" for ::1 at 2022-03-11 02:49:44 +0900
Processing by DeviseTokenAuth::SessionsController#destroy as HTML
  [1m[36mUser Load (0.3ms)[0m  [1m[34mSELECT "users".* FROM "users" WHERE "users"."uid" = ? LIMIT ?[0m  [["uid", "708.baseball.ster@gmail.com"], ["LIMIT", 1]]
  [1m[36mTRANSACTION (0.1ms)[0m  [1m[36mbegin transaction[0m
  [1m[36mUser Update (0.6ms)[0m  [1m[33mUPDATE "users" SET "tokens" = ?, "updated_at" = ? WHERE "users"."id" = ?[0m  [["tokens", nil], ["updated_at", "2022-03-10 17:49:44.531857"], ["id", 2]]
  [1m[36mTRANSACTION (1.2ms)[0m  [1m[36mcommit transaction[0m
Completed 200 OK in 145ms (Views: 0.3ms | ActiveRecord: 2.1ms | Allocations: 3482)


Started POST "/api/v1/auth" for ::1 at 2022-03-11 02:51:56 +0900
Processing by Api::V1::Auth::RegistrationsController#create as HTML
  Parameters: {"name"=>"Kaito", "email"=>"kaito@kaito.com", "password"=>"[FILTERED]", "password_confirmation"=>"[FILTERED]", "registration"=>{"name"=>"Kaito", "email"=>"kaito@kaito.com", "password"=>"[FILTERED]", "password_confirmation"=>"[FILTERED]"}}
[31mUnpermitted parameter: :registration[0m
[31mUnpermitted parameter: :registration[0m
[31mUnpermitted parameter: :registration[0m
  [1m[36mTRANSACTION (0.1ms)[0m  [1m[36mbegin transaction[0m
  [1m[36mUser Exists? (0.3ms)[0m  [1m[34mSELECT 1 AS one FROM "users" WHERE LOWER("users"."email") = LOWER(?) AND "users"."provider" = ? LIMIT ?[0m  [["email", "kaito@kaito.com"], ["provider", "email"], ["LIMIT", 1]]
  [1m[36mUser Create (0.5ms)[0m  [1m[32mINSERT INTO "users" ("uid", "encrypted_password", "name", "email", "created_at", "updated_at") VALUES (?, ?, ?, ?, ?, ?)[0m  [["uid", "kaito@kaito.com"], ["encrypted_password", "$2a$12$FEEDUWq2E9JTtbcCWGQfrOOc/8VF9hX8Qa7ymc/3EjKVh/JM0SMoq"], ["name", "Kaito"], ["email", "kaito@kaito.com"], ["created_at", "2022-03-10 17:51:56.461873"], ["updated_at", "2022-03-10 17:51:56.461873"]]
  [1m[36mTRANSACTION (1.1ms)[0m  [1m[36mcommit transaction[0m
  [1m[36mTRANSACTION (0.1ms)[0m  [1m[36mbegin transaction[0m
  [1m[36mUser Update (0.6ms)[0m  [1m[33mUPDATE "users" SET "tokens" = ?, "updated_at" = ? WHERE "users"."id" = ?[0m  [["tokens", "{\"td9JDTs6cubE72jyahAGHA\":{\"token\":\"$2a$10$CqceMHE.ppveihZwN425AeH3cJeHTTMF.MIr/yyI.aEZSxn3pQDG.\",\"expiry\":1648144316}}"], ["updated_at", "2022-03-10 17:51:56.523999"], ["id", 3]]
  [1m[36mTRANSACTION (1.1ms)[0m  [1m[36mcommit transaction[0m
  [1m[36mUser Load (0.2ms)[0m  [1m[34mSELECT "users".* FROM "users" WHERE "users"."id" = ? LIMIT ?[0m  [["id", 3], ["LIMIT", 1]]
  [1m[36mTRANSACTION (0.1ms)[0m  [1m[36mbegin transaction[0m
  [1m[36mUser Load (0.1ms)[0m  [1m[34mSELECT "users".* FROM "users" WHERE "users"."id" = ? LIMIT ? [0m  [["id", 3], ["LIMIT", 1]]
  [1m[36mUser Update (0.4ms)[0m  [1m[33mUPDATE "users" SET "tokens" = ?, "updated_at" = ? WHERE "users"."id" = ?[0m  [["tokens", "{\"td9JDTs6cubE72jyahAGHA\":{\"token\":\"$2a$10$D4Ef4SMTMHQiUe.yTshXxuMW3L6NMAL2YQpdJEsWdbiDbjctNF7n6\",\"expiry\":1648144316,\"last_token\":\"$2a$10$CqceMHE.ppveihZwN425AeH3cJeHTTMF.MIr/yyI.aEZSxn3pQDG.\",\"updated_at\":\"2022-03-10T17:51:56Z\"}}"], ["updated_at", "2022-03-10 17:51:56.591706"], ["id", 3]]
  [1m[36mTRANSACTION (2.1ms)[0m  [1m[36mcommit transaction[0m
Completed 200 OK in 374ms (Views: 0.2ms | ActiveRecord: 6.5ms | Allocations: 11612)


Started GET "/api/v1/auth/sessions" for ::1 at 2022-03-11 02:52:00 +0900
Processing by Api::V1::Auth::SessionsController#index as HTML
  [1m[36mUser Load (2.9ms)[0m  [1m[34mSELECT "users".* FROM "users" WHERE "users"."uid" = ? LIMIT ?[0m  [["uid", "kaito@kaito.com"], ["LIMIT", 1]]
  ↳ app/controllers/api/v1/auth/sessions_controller.rb:4:in `index'
  [1m[36mUser Load (0.3ms)[0m  [1m[34mSELECT "users".* FROM "users" WHERE "users"."id" = ? LIMIT ?[0m  [["id", 3], ["LIMIT", 1]]
  [1m[36mTRANSACTION (0.3ms)[0m  [1m[36mbegin transaction[0m
  [1m[36mUser Load (0.3ms)[0m  [1m[34mSELECT "users".* FROM "users" WHERE "users"."id" = ? LIMIT ? [0m  [["id", 3], ["LIMIT", 1]]
  [1m[36mUser Update (0.8ms)[0m  [1m[33mUPDATE "users" SET "tokens" = ?, "updated_at" = ? WHERE "users"."id" = ?[0m  [["tokens", "{\"td9JDTs6cubE72jyahAGHA\":{\"token\":\"$2a$10$D4Ef4SMTMHQiUe.yTshXxuMW3L6NMAL2YQpdJEsWdbiDbjctNF7n6\",\"expiry\":1648144316,\"last_token\":\"$2a$10$CqceMHE.ppveihZwN425AeH3cJeHTTMF.MIr/yyI.aEZSxn3pQDG.\",\"updated_at\":\"2022-03-10T17:52:00Z\"}}"], ["updated_at", "2022-03-10 17:52:00.882042"], ["id", 3]]
  [1m[36mTRANSACTION (2.4ms)[0m  [1m[36mcommit transaction[0m
Completed 200 OK in 154ms (Views: 0.6ms | ActiveRecord: 6.9ms | Allocations: 7897)


Started DELETE "/api/v1/auth/sign_out" for ::1 at 2022-03-11 02:52:01 +0900
Processing by DeviseTokenAuth::SessionsController#destroy as HTML
  [1m[36mUser Load (0.3ms)[0m  [1m[34mSELECT "users".* FROM "users" WHERE "users"."uid" = ? LIMIT ?[0m  [["uid", "kaito@kaito.com"], ["LIMIT", 1]]
  [1m[36mTRANSACTION (0.1ms)[0m  [1m[36mbegin transaction[0m
  [1m[36mUser Update (0.7ms)[0m  [1m[33mUPDATE "users" SET "tokens" = ?, "updated_at" = ? WHERE "users"."id" = ?[0m  [["tokens", nil], ["updated_at", "2022-03-10 17:52:01.971834"], ["id", 3]]
  [1m[36mTRANSACTION (1.7ms)[0m  [1m[36mcommit transaction[0m
Completed 200 OK in 12ms (Views: 0.3ms | ActiveRecord: 2.8ms | Allocations: 3387)


Started POST "/api/v1/auth/sign_in" for ::1 at 2022-03-11 02:52:12 +0900
Processing by DeviseTokenAuth::SessionsController#create as HTML
  Parameters: {"email"=>"kaito@kaito.com", "password"=>"[FILTERED]", "session"=>{"email"=>"kaito@kaito.com", "password"=>"[FILTERED]"}}
[31mUnpermitted parameter: :session[0m
[31mUnpermitted parameter: :session[0m
  [1m[36mUser Load (0.2ms)[0m  [1m[34mSELECT "users".* FROM "users" WHERE "users"."email" = ? AND "users"."provider" = ? LIMIT ?[0m  [["email", "kaito@kaito.com"], ["provider", "email"], ["LIMIT", 1]]
[31mUnpermitted parameter: :session[0m
[31mUnpermitted parameter: :session[0m
  [1m[36mTRANSACTION (0.1ms)[0m  [1m[36mbegin transaction[0m
  [1m[36mUser Update (0.5ms)[0m  [1m[33mUPDATE "users" SET "tokens" = ?, "updated_at" = ? WHERE "users"."id" = ?[0m  [["tokens", "{\"P0GJN8zTVVA4p3PMSw3BPA\":{\"token\":\"$2a$10$aldlwOwT8n7JH0RtfVzm2.dG34D1fUp7qjfbGyLjvgBC45xMEK0Z6\",\"expiry\":1648144332}}"], ["updated_at", "2022-03-10 17:52:12.810279"], ["id", 3]]
  [1m[36mTRANSACTION (1.2ms)[0m  [1m[36mcommit transaction[0m
  [1m[36mUser Load (0.2ms)[0m  [1m[34mSELECT "users".* FROM "users" WHERE "users"."id" = ? LIMIT ?[0m  [["id", 3], ["LIMIT", 1]]
  [1m[36mTRANSACTION (0.1ms)[0m  [1m[36mbegin transaction[0m
  [1m[36mUser Load (0.1ms)[0m  [1m[34mSELECT "users".* FROM "users" WHERE "users"."id" = ? LIMIT ? [0m  [["id", 3], ["LIMIT", 1]]
  [1m[36mUser Update (0.4ms)[0m  [1m[33mUPDATE "users" SET "tokens" = ?, "updated_at" = ? WHERE "users"."id" = ?[0m  [["tokens", "{\"P0GJN8zTVVA4p3PMSw3BPA\":{\"token\":\"$2a$10$IFGvB0K4F7olzUywF73iqu3f2FyczHhzNc6fjgsvwczVdfpn1eqWi\",\"expiry\":1648144332,\"last_token\":\"$2a$10$aldlwOwT8n7JH0RtfVzm2.dG34D1fUp7qjfbGyLjvgBC45xMEK0Z6\",\"updated_at\":\"2022-03-10T17:52:12Z\"}}"], ["updated_at", "2022-03-10 17:52:12.893543"], ["id", 3]]
  [1m[36mTRANSACTION (1.3ms)[0m  [1m[36mcommit transaction[0m
Completed 200 OK in 377ms (Views: 0.2ms | ActiveRecord: 4.0ms | Allocations: 8840)


Started DELETE "/api/v1/auth/sign_out" for ::1 at 2022-03-11 02:52:18 +0900
Processing by DeviseTokenAuth::SessionsController#destroy as HTML
  [1m[36mUser Load (0.2ms)[0m  [1m[34mSELECT "users".* FROM "users" WHERE "users"."uid" = ? LIMIT ?[0m  [["uid", "kaito@kaito.com"], ["LIMIT", 1]]
  [1m[36mTRANSACTION (0.1ms)[0m  [1m[36mbegin transaction[0m
  [1m[36mUser Update (0.6ms)[0m  [1m[33mUPDATE "users" SET "tokens" = ?, "updated_at" = ? WHERE "users"."id" = ?[0m  [["tokens", nil], ["updated_at", "2022-03-10 17:52:18.718372"], ["id", 3]]
  [1m[36mTRANSACTION (1.3ms)[0m  [1m[36mcommit transaction[0m
Completed 200 OK in 82ms (Views: 0.7ms | ActiveRecord: 2.3ms | Allocations: 3412)


Started POST "/api/v1/auth/sign_in" for ::1 at 2022-03-11 02:52:28 +0900
Processing by DeviseTokenAuth::SessionsController#create as HTML
  Parameters: {"email"=>"708.baseball.ster@gmail.com", "password"=>"[FILTERED]", "session"=>{"email"=>"708.baseball.ster@gmail.com", "password"=>"[FILTERED]"}}
[31mUnpermitted parameter: :session[0m
[31mUnpermitted parameter: :session[0m
  [1m[36mUser Load (0.2ms)[0m  [1m[34mSELECT "users".* FROM "users" WHERE "users"."email" = ? AND "users"."provider" = ? LIMIT ?[0m  [["email", "708.baseball.ster@gmail.com"], ["provider", "email"], ["LIMIT", 1]]
[31mUnpermitted parameter: :session[0m
[31mUnpermitted parameter: :session[0m
  [1m[36mTRANSACTION (0.1ms)[0m  [1m[36mbegin transaction[0m
  [1m[36mUser Update (0.4ms)[0m  [1m[33mUPDATE "users" SET "tokens" = ?, "updated_at" = ? WHERE "users"."id" = ?[0m  [["tokens", "{\"k0jFlOWI48t1Pd3o9bVTfw\":{\"token\":\"$2a$10$w9J.nZ8FJyel7WxQ1WMLnua6Kbz.TsLXd1N6tWqyMOP13r9bmWF9q\",\"expiry\":1648144349}}"], ["updated_at", "2022-03-10 17:52:29.081231"], ["id", 2]]
  [1m[36mTRANSACTION (2.2ms)[0m  [1m[36mcommit transaction[0m
  [1m[36mUser Load (0.2ms)[0m  [1m[34mSELECT "users".* FROM "users" WHERE "users"."id" = ? LIMIT ?[0m  [["id", 2], ["LIMIT", 1]]
  [1m[36mTRANSACTION (0.1ms)[0m  [1m[36mbegin transaction[0m
  [1m[36mUser Load (0.1ms)[0m  [1m[34mSELECT "users".* FROM "users" WHERE "users"."id" = ? LIMIT ? [0m  [["id", 2], ["LIMIT", 1]]
  [1m[36mUser Update (0.4ms)[0m  [1m[33mUPDATE "users" SET "tokens" = ?, "updated_at" = ? WHERE "users"."id" = ?[0m  [["tokens", "{\"k0jFlOWI48t1Pd3o9bVTfw\":{\"token\":\"$2a$10$DbiVDsp2SZfXABkBBm3fsOUKoZKgtAzib9GnVUI6KBlUxmjg/KKOm\",\"expiry\":1648144349,\"last_token\":\"$2a$10$w9J.nZ8FJyel7WxQ1WMLnua6Kbz.TsLXd1N6tWqyMOP13r9bmWF9q\",\"updated_at\":\"2022-03-10T17:52:29Z\"}}"], ["updated_at", "2022-03-10 17:52:29.152110"], ["id", 2]]
  [1m[36mTRANSACTION (2.3ms)[0m  [1m[36mcommit transaction[0m
Completed 200 OK in 372ms (Views: 0.2ms | ActiveRecord: 6.0ms | Allocations: 8846)


Started DELETE "/api/v1/auth/sign_out" for ::1 at 2022-03-11 02:52:31 +0900
Processing by DeviseTokenAuth::SessionsController#destroy as HTML
  [1m[36mUser Load (0.2ms)[0m  [1m[34mSELECT "users".* FROM "users" WHERE "users"."uid" = ? LIMIT ?[0m  [["uid", "708.baseball.ster@gmail.com"], ["LIMIT", 1]]
  [1m[36mTRANSACTION (0.1ms)[0m  [1m[36mbegin transaction[0m
  [1m[36mUser Update (0.6ms)[0m  [1m[33mUPDATE "users" SET "tokens" = ?, "updated_at" = ? WHERE "users"."id" = ?[0m  [["tokens", nil], ["updated_at", "2022-03-10 17:52:31.606807"], ["id", 2]]
  [1m[36mTRANSACTION (1.8ms)[0m  [1m[36mcommit transaction[0m
Completed 200 OK in 80ms (Views: 0.2ms | ActiveRecord: 2.7ms | Allocations: 3413)


